<?xml version="1.0" encoding="UTF-8"?>
<testng-results skipped="0" failed="0" total="1" passed="1">
  <reporter-output>
  </reporter-output>
  <suite name="Suite" duration-ms="46690" started-at="2019-12-26T10:21:16Z" finished-at="2019-12-26T10:22:03Z">
    <groups>
    </groups>
    <test name="Test" duration-ms="46690" started-at="2019-12-26T10:21:16Z" finished-at="2019-12-26T10:22:03Z">
      <class name="scripts.Tripadvise">
        <test-method status="PASS" signature="clubMahindra()[pri:0, instance:scripts.Tripadvise@6a2bcfcb]" name="clubMahindra" duration-ms="46658" started-at="2019-12-26T15:51:16Z" finished-at="2019-12-26T15:52:03Z">
          <reporter-output>
          </reporter-output>
        </test-method> <!-- clubMahindra -->
      </class> <!-- scripts.Tripadvise -->
    </test> <!-- Test -->
  </suite> <!-- Suite -->
</testng-results>
